===== uname =====
Linux ubuntu 5.15.0-179-generic #189-Ubuntu SMP Thu May 7 16:39:18 UTC 2026 aarch64 aarch64 aarch64 GNU/Linux

===== v4l2-ctl --list-devices =====
Mac-Camera (platform:v4l2loopback-000):
	/dev/video0


----- /dev/video0 caps -----
Driver Info:
	Driver name      : v4l2 loopback
	Card type        : Mac-Camera
	Bus info         : platform:v4l2loopback-000
	Driver version   : 5.15.199
	Capabilities     : 0x85200001
		Video Capture
		Read/Write
		Streaming
		Extended Pix Format
		Device Capabilities
	Device Caps      : 0x05200001
		Video Capture
		Read/Write
		Streaming
		Extended Pix Format
Priority: 2
Video input : 0 (loopback: ok)
Format Video Capture:
	Width/Height      : 1280/720
	Pixel Format      : 'YUYV' (YUYV 4:2:2)
	Field             : None
	Bytes per Line    : 2560
	Size Image        : 1843200
	Colorspace        : sRGB
	Transfer Function : sRGB
	YCbCr/HSV Encoding: ITU-R 601
	Quantization      : Limited Range
	Flags             : 
Format Video Output:
	Width/Height      : 1280/720
	Pixel Format      : 'YUYV' (YUYV 4:2:2)
	Field             : None
	Bytes per Line    : 2560
	Size Image        : 1843200
	Colorspace        : sRGB
	Transfer Function : sRGB
	YCbCr/HSV Encoding: ITU-R 601
	Quantization      : Limited Range
	Flags             : 
----- /dev/video0 formats -----
ioctl: VIDIOC_ENUM_FMT
	Type: Video Capture

	[0]: 'YUYV' (YUYV 4:2:2)
		Size: Discrete 1280x720
			Interval: Discrete 0.033s (30.000 fps)

